<?xml version="1.0" encoding="UTF-8"?>
<coverage generated="1586206889298" clover="3.2.0">
  <project timestamp="1586206889298" name="All files">
    <metrics statements="179" coveredstatements="175" conditionals="100" coveredconditionals="69" methods="45" coveredmethods="43" elements="324" coveredelements="287" complexity="0" loc="179" ncloc="179" packages="7" files="13" classes="13"/>
    <package name="src">
      <metrics statements="16" coveredstatements="15" conditionals="34" coveredconditionals="18" methods="5" coveredmethods="3"/>
      <file name="app.js" path="/media/dhara/STORAGE/Dhara/Projects/kabratest-backend/src/app.js">
        <metrics statements="16" coveredstatements="15" conditionals="34" coveredconditionals="18" methods="5" coveredmethods="3"/>
        <line num="3" count="3" type="stmt"/>
        <line num="5" count="3" type="stmt"/>
        <line num="7" count="3" type="stmt"/>
        <line num="9" count="3" type="stmt"/>
        <line num="11" count="3" type="stmt"/>
        <line num="13" count="3" type="cond" truecount="1" falsecount="1"/>
        <line num="15" count="3" type="cond" truecount="12" falsecount="14"/>
        <line num="17" count="12" type="cond" truecount="4" falsecount="0"/>
        <line num="19" count="3" type="stmt"/>
        <line num="20" count="3" type="stmt"/>
        <line num="22" count="3" type="stmt"/>
        <line num="24" count="3" type="stmt"/>
        <line num="25" count="3" type="stmt"/>
        <line num="26" count="3" type="stmt"/>
        <line num="28" count="3" type="cond" truecount="1" falsecount="1"/>
        <line num="29" count="0" type="stmt"/>
      </file>
    </package>
    <package name="src.controllers">
      <metrics statements="56" coveredstatements="54" conditionals="26" coveredconditionals="19" methods="16" coveredmethods="16"/>
      <file name="cart.controller.mjs" path="/media/dhara/STORAGE/Dhara/Projects/kabratest-backend/src/controllers/cart.controller.mjs">
        <metrics statements="21" coveredstatements="21" conditionals="14" coveredconditionals="9" methods="7" coveredmethods="7"/>
        <line num="3" count="3" type="stmt"/>
        <line num="6" count="3" type="stmt"/>
        <line num="8" count="3" type="stmt"/>
        <line num="10" count="3" type="stmt"/>
        <line num="12" count="6" type="cond" truecount="3" falsecount="1"/>
        <line num="15" count="3" type="stmt"/>
        <line num="20" count="1" type="stmt"/>
        <line num="22" count="1" type="stmt"/>
        <line num="25" count="1" type="stmt"/>
        <line num="32" count="3" type="stmt"/>
        <line num="34" count="3" type="stmt"/>
        <line num="40" count="1" type="stmt"/>
        <line num="43" count="1" type="stmt"/>
        <line num="46" count="1" type="cond" truecount="1" falsecount="1"/>
        <line num="52" count="1" type="cond" truecount="3" falsecount="1"/>
        <line num="54" count="1" type="cond" truecount="1" falsecount="1"/>
        <line num="55" count="1" type="cond" truecount="1" falsecount="1"/>
        <line num="60" count="1" type="stmt"/>
        <line num="61" count="1" type="stmt"/>
        <line num="64" count="1" type="stmt"/>
        <line num="70" count="3" type="stmt"/>
      </file>
      <file name="product.controller.mjs" path="/media/dhara/STORAGE/Dhara/Projects/kabratest-backend/src/controllers/product.controller.mjs">
        <metrics statements="13" coveredstatements="13" conditionals="4" coveredconditionals="3" methods="4" coveredmethods="4"/>
        <line num="3" count="3" type="stmt"/>
        <line num="6" count="3" type="stmt"/>
        <line num="8" count="3" type="stmt"/>
        <line num="10" count="3" type="stmt"/>
        <line num="12" count="6" type="cond" truecount="3" falsecount="1"/>
        <line num="15" count="3" type="stmt"/>
        <line num="16" count="1" type="stmt"/>
        <line num="18" count="1" type="stmt"/>
        <line num="19" count="1" type="stmt"/>
        <line num="21" count="1" type="stmt"/>
        <line num="23" count="5" type="stmt"/>
        <line num="24" count="1" type="stmt"/>
        <line num="30" count="3" type="stmt"/>
      </file>
      <file name="user.controller.mjs" path="/media/dhara/STORAGE/Dhara/Projects/kabratest-backend/src/controllers/user.controller.mjs">
        <metrics statements="22" coveredstatements="20" conditionals="8" coveredconditionals="7" methods="5" coveredmethods="5"/>
        <line num="3" count="3" type="stmt"/>
        <line num="6" count="3" type="stmt"/>
        <line num="8" count="3" type="stmt"/>
        <line num="10" count="3" type="stmt"/>
        <line num="12" count="3" type="stmt"/>
        <line num="14" count="9" type="cond" truecount="4" falsecount="0"/>
        <line num="17" count="3" type="stmt"/>
        <line num="20" count="1" type="stmt"/>
        <line num="22" count="1" type="stmt"/>
        <line num="23" count="1" type="stmt"/>
        <line num="25" count="0" type="stmt"/>
        <line num="26" count="0" type="stmt"/>
        <line num="36" count="3" type="stmt"/>
        <line num="38" count="3" type="stmt"/>
        <line num="44" count="2" type="stmt"/>
        <line num="46" count="2" type="stmt"/>
        <line num="49" count="2" type="cond" truecount="2" falsecount="0"/>
        <line num="52" count="1" type="stmt"/>
        <line num="53" count="1" type="cond" truecount="1" falsecount="1"/>
        <line num="57" count="1" type="stmt"/>
        <line num="58" count="1" type="stmt"/>
        <line num="67" count="3" type="stmt"/>
      </file>
    </package>
    <package name="src.db">
      <metrics statements="3" coveredstatements="3" conditionals="4" coveredconditionals="3" methods="1" coveredmethods="1"/>
      <file name="db.mjs" path="/media/dhara/STORAGE/Dhara/Projects/kabratest-backend/src/db/db.mjs">
        <metrics statements="3" coveredstatements="3" conditionals="4" coveredconditionals="3" methods="1" coveredmethods="1"/>
        <line num="3" count="3" type="stmt"/>
        <line num="5" count="3" type="cond" truecount="3" falsecount="1"/>
        <line num="8" count="3" type="stmt"/>
      </file>
    </package>
    <package name="src.helpers">
      <metrics statements="8" coveredstatements="8" conditionals="0" coveredconditionals="0" methods="1" coveredmethods="1"/>
      <file name="errorHandler.mjs" path="/media/dhara/STORAGE/Dhara/Projects/kabratest-backend/src/helpers/errorHandler.mjs">
        <metrics statements="8" coveredstatements="8" conditionals="0" coveredconditionals="0" methods="1" coveredmethods="1"/>
        <line num="3" count="3" type="stmt"/>
        <line num="6" count="3" type="stmt"/>
        <line num="9" count="3" type="stmt"/>
        <line num="13" count="6" type="stmt"/>
        <line num="14" count="6" type="stmt"/>
        <line num="16" count="1" type="stmt"/>
        <line num="23" count="3" type="stmt"/>
        <line num="24" count="3" type="stmt"/>
      </file>
    </package>
    <package name="src.middleware">
      <metrics statements="19" coveredstatements="18" conditionals="8" coveredconditionals="7" methods="3" coveredmethods="3"/>
      <file name="auth.mjs" path="/media/dhara/STORAGE/Dhara/Projects/kabratest-backend/src/middleware/auth.mjs">
        <metrics statements="19" coveredstatements="18" conditionals="8" coveredconditionals="7" methods="3" coveredmethods="3"/>
        <line num="3" count="3" type="stmt"/>
        <line num="6" count="3" type="stmt"/>
        <line num="8" count="3" type="stmt"/>
        <line num="10" count="3" type="stmt"/>
        <line num="12" count="6" type="cond" truecount="4" falsecount="0"/>
        <line num="15" count="3" type="stmt"/>
        <line num="17" count="3" type="cond" truecount="2" falsecount="0"/>
        <line num="18" count="2" type="stmt"/>
        <line num="20" count="2" type="stmt"/>
        <line num="22" count="2" type="stmt"/>
        <line num="24" count="2" type="stmt"/>
        <line num="30" count="2" type="cond" truecount="1" falsecount="1"/>
        <line num="32" count="2" type="stmt"/>
        <line num="33" count="2" type="stmt"/>
        <line num="35" count="2" type="stmt"/>
        <line num="37" count="0" type="stmt"/>
        <line num="42" count="3" type="stmt"/>
        <line num="46" count="3" type="stmt"/>
        <line num="47" count="3" type="stmt"/>
      </file>
    </package>
    <package name="src.models">
      <metrics statements="47" coveredstatements="47" conditionals="16" coveredconditionals="12" methods="11" coveredmethods="11"/>
      <file name="Cart.mjs" path="/media/dhara/STORAGE/Dhara/Projects/kabratest-backend/src/models/Cart.mjs">
        <metrics statements="12" coveredstatements="12" conditionals="4" coveredconditionals="3" methods="3" coveredmethods="3"/>
        <line num="3" count="3" type="stmt"/>
        <line num="6" count="3" type="stmt"/>
        <line num="8" count="3" type="stmt"/>
        <line num="10" count="3" type="cond" truecount="3" falsecount="1"/>
        <line num="13" count="3" type="stmt"/>
        <line num="49" count="3" type="stmt"/>
        <line num="51" count="2" type="stmt"/>
        <line num="55" count="3" type="stmt"/>
        <line num="57" count="1" type="stmt"/>
        <line num="65" count="3" type="stmt"/>
        <line num="67" count="3" type="stmt"/>
        <line num="68" count="3" type="stmt"/>
      </file>
      <file name="Product.mjs" path="/media/dhara/STORAGE/Dhara/Projects/kabratest-backend/src/models/Product.mjs">
        <metrics statements="9" coveredstatements="9" conditionals="4" coveredconditionals="3" methods="2" coveredmethods="2"/>
        <line num="3" count="3" type="stmt"/>
        <line num="6" count="3" type="stmt"/>
        <line num="8" count="3" type="stmt"/>
        <line num="10" count="3" type="cond" truecount="3" falsecount="1"/>
        <line num="13" count="3" type="stmt"/>
        <line num="48" count="3" type="stmt"/>
        <line num="52" count="3" type="stmt"/>
        <line num="54" count="3" type="stmt"/>
        <line num="55" count="3" type="stmt"/>
      </file>
      <file name="User.mjs" path="/media/dhara/STORAGE/Dhara/Projects/kabratest-backend/src/models/User.mjs">
        <metrics statements="26" coveredstatements="26" conditionals="8" coveredconditionals="6" methods="6" coveredmethods="6"/>
        <line num="3" count="3" type="stmt"/>
        <line num="6" count="3" type="stmt"/>
        <line num="8" count="3" type="stmt"/>
        <line num="10" count="3" type="stmt"/>
        <line num="12" count="3" type="stmt"/>
        <line num="14" count="3" type="stmt"/>
        <line num="16" count="12" type="cond" truecount="3" falsecount="1"/>
        <line num="18" count="3" type="stmt"/>
        <line num="30" count="2" type="cond" truecount="1" falsecount="1"/>
        <line num="49" count="3" type="stmt"/>
        <line num="50" count="2" type="stmt"/>
        <line num="52" count="2" type="cond" truecount="2" falsecount="0"/>
        <line num="53" count="2" type="stmt"/>
        <line num="56" count="3" type="stmt"/>
        <line num="57" count="1" type="stmt"/>
        <line num="59" count="1" type="stmt"/>
        <line num="64" count="1" type="stmt"/>
        <line num="67" count="1" type="stmt"/>
        <line num="68" count="1" type="stmt"/>
        <line num="72" count="3" type="stmt"/>
        <line num="74" count="2" type="stmt"/>
        <line num="78" count="3" type="stmt"/>
        <line num="80" count="2" type="stmt"/>
        <line num="82" count="3" type="stmt"/>
        <line num="84" count="3" type="stmt"/>
        <line num="85" count="3" type="stmt"/>
      </file>
    </package>
    <package name="src.routers">
      <metrics statements="30" coveredstatements="30" conditionals="12" coveredconditionals="10" methods="8" coveredmethods="8"/>
      <file name="cart.router.mjs" path="/media/dhara/STORAGE/Dhara/Projects/kabratest-backend/src/routers/cart.router.mjs">
        <metrics statements="11" coveredstatements="11" conditionals="4" coveredconditionals="4" methods="3" coveredmethods="3"/>
        <line num="3" count="3" type="stmt"/>
        <line num="6" count="3" type="stmt"/>
        <line num="8" count="3" type="stmt"/>
        <line num="10" count="3" type="stmt"/>
        <line num="12" count="3" type="stmt"/>
        <line num="14" count="6" type="cond" truecount="4" falsecount="0"/>
        <line num="16" count="3" type="stmt"/>
        <line num="20" count="3" type="stmt"/>
        <line num="22" count="3" type="stmt"/>
        <line num="23" count="3" type="stmt"/>
        <line num="24" count="3" type="stmt"/>
      </file>
      <file name="product.router.mjs" path="/media/dhara/STORAGE/Dhara/Projects/kabratest-backend/src/routers/product.router.mjs">
        <metrics statements="9" coveredstatements="9" conditionals="4" coveredconditionals="3" methods="2" coveredmethods="2"/>
        <line num="3" count="3" type="stmt"/>
        <line num="6" count="3" type="stmt"/>
        <line num="8" count="3" type="stmt"/>
        <line num="10" count="3" type="stmt"/>
        <line num="12" count="3" type="cond" truecount="3" falsecount="1"/>
        <line num="14" count="3" type="stmt"/>
        <line num="18" count="3" type="stmt"/>
        <line num="19" count="3" type="stmt"/>
        <line num="20" count="3" type="stmt"/>
      </file>
      <file name="user.router.mjs" path="/media/dhara/STORAGE/Dhara/Projects/kabratest-backend/src/routers/user.router.mjs">
        <metrics statements="10" coveredstatements="10" conditionals="4" coveredconditionals="3" methods="3" coveredmethods="3"/>
        <line num="3" count="3" type="stmt"/>
        <line num="6" count="3" type="stmt"/>
        <line num="8" count="3" type="stmt"/>
        <line num="10" count="3" type="stmt"/>
        <line num="12" count="3" type="cond" truecount="3" falsecount="1"/>
        <line num="14" count="3" type="stmt"/>
        <line num="18" count="3" type="stmt"/>
        <line num="20" count="3" type="stmt"/>
        <line num="21" count="3" type="stmt"/>
        <line num="22" count="3" type="stmt"/>
      </file>
    </package>
  </project>
</coverage>
