{"/media/dhara/STORAGE/Dhara/Projects/kabratest-backend/src/app.js": {"path":"/media/dhara/STORAGE/Dhara/Projects/kabratest-backend/src/app.js","statementMap":{"0":{"start":{"line":3,"column":15},"end":{"line":3,"column":57}},"1":{"start":{"line":5,"column":18},"end":{"line":5,"column":78}},"2":{"start":{"line":7,"column":21},"end":{"line":7,"column":84}},"3":{"start":{"line":9,"column":18},"end":{"line":9,"column":78}},"4":{"start":{"line":11,"column":9},"end":{"line":11,"column":56}},"5":{"start":{"line":13,"column":38},"end":{"line":13,"column":85}},"6":{"start":{"line":13,"column":73},"end":{"line":13,"column":85}},"7":{"start":{"line":13,"column":98},"end":{"line":13,"column":111}},"8":{"start":{"line":13,"column":113},"end":{"line":13,"column":170}},"9":{"start":{"line":13,"column":154},"end":{"line":13,"column":167}},"10":{"start":{"line":13,"column":171},"end":{"line":13,"column":184}},"11":{"start":{"line":15,"column":40},"end":{"line":15,"column":82}},"12":{"start":{"line":15,"column":69},"end":{"line":15,"column":80}},"13":{"start":{"line":15,"column":83},"end":{"line":15,"column":185}},"14":{"start":{"line":15,"column":159},"end":{"line":15,"column":183}},"15":{"start":{"line":15,"column":198},"end":{"line":15,"column":224}},"16":{"start":{"line":15,"column":226},"end":{"line":15,"column":281}},"17":{"start":{"line":15,"column":257},"end":{"line":15,"column":279}},"18":{"start":{"line":15,"column":295},"end":{"line":15,"column":297}},"19":{"start":{"line":15,"column":327},"end":{"line":15,"column":383}},"20":{"start":{"line":15,"column":385},"end":{"line":15,"column":665}},"21":{"start":{"line":15,"column":408},"end":{"line":15,"column":663}},"22":{"start":{"line":15,"column":473},"end":{"line":15,"column":545}},"23":{"start":{"line":15,"column":547},"end":{"line":15,"column":661}},"24":{"start":{"line":15,"column":585},"end":{"line":15,"column":626}},"25":{"start":{"line":15,"column":636},"end":{"line":15,"column":659}},"26":{"start":{"line":15,"column":666},"end":{"line":15,"column":687}},"27":{"start":{"line":15,"column":688},"end":{"line":15,"column":726}},"28":{"start":{"line":15,"column":701},"end":{"line":15,"column":724}},"29":{"start":{"line":15,"column":727},"end":{"line":15,"column":741}},"30":{"start":{"line":17,"column":39},"end":{"line":17,"column":93}},"31":{"start":{"line":19,"column":13},"end":{"line":19,"column":29}},"32":{"start":{"line":20,"column":12},"end":{"line":20,"column":35}},"33":{"start":{"line":22,"column":0},"end":{"line":22,"column":33}},"34":{"start":{"line":24,"column":0},"end":{"line":24,"column":29}},"35":{"start":{"line":25,"column":0},"end":{"line":25,"column":32}},"36":{"start":{"line":26,"column":0},"end":{"line":26,"column":29}},"37":{"start":{"line":28,"column":0},"end":{"line":30,"column":26}},"38":{"start":{"line":29,"column":2},"end":{"line":29,"column":48}}},"fnMap":{"0":{"name":"_getRequireWildcardCache","decl":{"start":{"line":13,"column":9},"end":{"line":13,"column":33}},"loc":{"start":{"line":13,"column":36},"end":{"line":13,"column":186}},"line":13},"1":{"name":"(anonymous_1)","decl":{"start":{"line":13,"column":140},"end":{"line":13,"column":141}},"loc":{"start":{"line":13,"column":152},"end":{"line":13,"column":169}},"line":13},"2":{"name":"_interopRequireWildcard","decl":{"start":{"line":15,"column":9},"end":{"line":15,"column":32}},"loc":{"start":{"line":15,"column":38},"end":{"line":15,"column":743}},"line":15},"3":{"name":"_interopRequireDefault","decl":{"start":{"line":17,"column":9},"end":{"line":17,"column":31}},"loc":{"start":{"line":17,"column":37},"end":{"line":17,"column":95}},"line":17},"4":{"name":"(anonymous_4)","decl":{"start":{"line":28,"column":51},"end":{"line":28,"column":52}},"loc":{"start":{"line":28,"column":57},"end":{"line":30,"column":1}},"line":28}},"branchMap":{"0":{"loc":{"start":{"line":13,"column":38},"end":{"line":13,"column":85}},"type":"if","locations":[{"start":{"line":13,"column":38},"end":{"line":13,"column":85}},{"start":{"line":13,"column":38},"end":{"line":13,"column":85}}],"line":13},"1":{"loc":{"start":{"line":15,"column":40},"end":{"line":15,"column":82}},"type":"if","locations":[{"start":{"line":15,"column":40},"end":{"line":15,"column":82}},{"start":{"line":15,"column":40},"end":{"line":15,"column":82}}],"line":15},"2":{"loc":{"start":{"line":15,"column":44},"end":{"line":15,"column":65}},"type":"binary-expr","locations":[{"start":{"line":15,"column":44},"end":{"line":15,"column":47}},{"start":{"line":15,"column":51},"end":{"line":15,"column":65}}],"line":15},"3":{"loc":{"start":{"line":15,"column":83},"end":{"line":15,"column":185}},"type":"if","locations":[{"start":{"line":15,"column":83},"end":{"line":15,"column":185}},{"start":{"line":15,"column":83},"end":{"line":15,"column":185}}],"line":15},"4":{"loc":{"start":{"line":15,"column":87},"end":{"line":15,"column":155}},"type":"binary-expr","locations":[{"start":{"line":15,"column":87},"end":{"line":15,"column":99}},{"start":{"line":15,"column":103},"end":{"line":15,"column":126}},{"start":{"line":15,"column":130},"end":{"line":15,"column":155}}],"line":15},"5":{"loc":{"start":{"line":15,"column":226},"end":{"line":15,"column":281}},"type":"if","locations":[{"start":{"line":15,"column":226},"end":{"line":15,"column":281}},{"start":{"line":15,"column":226},"end":{"line":15,"column":281}}],"line":15},"6":{"loc":{"start":{"line":15,"column":230},"end":{"line":15,"column":253}},"type":"binary-expr","locations":[{"start":{"line":15,"column":230},"end":{"line":15,"column":235}},{"start":{"line":15,"column":239},"end":{"line":15,"column":253}}],"line":15},"7":{"loc":{"start":{"line":15,"column":327},"end":{"line":15,"column":383}},"type":"binary-expr","locations":[{"start":{"line":15,"column":327},"end":{"line":15,"column":348}},{"start":{"line":15,"column":352},"end":{"line":15,"column":383}}],"line":15},"8":{"loc":{"start":{"line":15,"column":408},"end":{"line":15,"column":663}},"type":"if","locations":[{"start":{"line":15,"column":408},"end":{"line":15,"column":663}},{"start":{"line":15,"column":408},"end":{"line":15,"column":663}}],"line":15},"9":{"loc":{"start":{"line":15,"column":473},"end":{"line":15,"column":545}},"type":"cond-expr","locations":[{"start":{"line":15,"column":497},"end":{"line":15,"column":538}},{"start":{"line":15,"column":541},"end":{"line":15,"column":545}}],"line":15},"10":{"loc":{"start":{"line":15,"column":547},"end":{"line":15,"column":661}},"type":"if","locations":[{"start":{"line":15,"column":547},"end":{"line":15,"column":661}},{"start":{"line":15,"column":547},"end":{"line":15,"column":661}}],"line":15},"11":{"loc":{"start":{"line":15,"column":551},"end":{"line":15,"column":581}},"type":"binary-expr","locations":[{"start":{"line":15,"column":551},"end":{"line":15,"column":555}},{"start":{"line":15,"column":560},"end":{"line":15,"column":568}},{"start":{"line":15,"column":572},"end":{"line":15,"column":580}}],"line":15},"12":{"loc":{"start":{"line":15,"column":688},"end":{"line":15,"column":726}},"type":"if","locations":[{"start":{"line":15,"column":688},"end":{"line":15,"column":726}},{"start":{"line":15,"column":688},"end":{"line":15,"column":726}}],"line":15},"13":{"loc":{"start":{"line":17,"column":46},"end":{"line":17,"column":92}},"type":"cond-expr","locations":[{"start":{"line":17,"column":70},"end":{"line":17,"column":73}},{"start":{"line":17,"column":76},"end":{"line":17,"column":92}}],"line":17},"14":{"loc":{"start":{"line":17,"column":46},"end":{"line":17,"column":67}},"type":"binary-expr","locations":[{"start":{"line":17,"column":46},"end":{"line":17,"column":49}},{"start":{"line":17,"column":53},"end":{"line":17,"column":67}}],"line":17},"15":{"loc":{"start":{"line":28,"column":0},"end":{"line":30,"column":25}},"type":"cond-expr","locations":[{"start":{"line":28,"column":34},"end":{"line":30,"column":2}},{"start":{"line":30,"column":5},"end":{"line":30,"column":25}}],"line":28}},"s":{"0":3,"1":3,"2":3,"3":3,"4":3,"5":3,"6":0,"7":3,"8":3,"9":0,"10":3,"11":3,"12":0,"13":3,"14":0,"15":3,"16":3,"17":0,"18":3,"19":3,"20":3,"21":0,"22":0,"23":0,"24":0,"25":0,"26":3,"27":3,"28":3,"29":3,"30":12,"31":3,"32":3,"33":3,"34":3,"35":3,"36":3,"37":3,"38":0},"f":{"0":3,"1":0,"2":3,"3":12,"4":0},"b":{"0":[0,3],"1":[0,3],"2":[3,3],"3":[0,3],"4":[3,3,0],"5":[0,3],"6":[3,3],"7":[3,3],"8":[0,0],"9":[0,0],"10":[0,0],"11":[0,0,0],"12":[3,0],"13":[9,3],"14":[12,12],"15":[0,3]},"_coverageSchema":"1a1c01bbd47fc00a2c39e90264f33305004495a9","hash":"f419171d84b329b2680501e73ffcc240577ae034"}
,"/media/dhara/STORAGE/Dhara/Projects/kabratest-backend/src/controllers/cart.controller.mjs": {"path":"/media/dhara/STORAGE/Dhara/Projects/kabratest-backend/src/controllers/cart.controller.mjs","statementMap":{"0":{"start":{"line":3,"column":0},"end":{"line":5,"column":3}},"1":{"start":{"line":6,"column":0},"end":{"line":6,"column":57}},"2":{"start":{"line":8,"column":12},"end":{"line":8,"column":67}},"3":{"start":{"line":10,"column":20},"end":{"line":10,"column":84}},"4":{"start":{"line":12,"column":39},"end":{"line":12,"column":93}},"5":{"start":{"line":15,"column":18},"end":{"line":29,"column":1}},"6":{"start":{"line":20,"column":2},"end":{"line":28,"column":5}},"7":{"start":{"line":22,"column":23},"end":{"line":24,"column":8}},"8":{"start":{"line":25,"column":6},"end":{"line":25,"column":32}},"9":{"start":{"line":32,"column":0},"end":{"line":32,"column":30}},"10":{"start":{"line":34,"column":28},"end":{"line":68,"column":1}},"11":{"start":{"line":40,"column":2},"end":{"line":67,"column":5}},"12":{"start":{"line":43,"column":23},"end":{"line":45,"column":8}},"13":{"start":{"line":46,"column":30},"end":{"line":50,"column":7}},"14":{"start":{"line":52,"column":31},"end":{"line":52,"column":154}},"15":{"start":{"line":52,"column":113},"end":{"line":52,"column":145}},"16":{"start":{"line":54,"column":6},"end":{"line":58,"column":9}},"17":{"start":{"line":55,"column":8},"end":{"line":55,"column":69}},"18":{"start":{"line":55,"column":46},"end":{"line":55,"column":69}},"19":{"start":{"line":60,"column":6},"end":{"line":60,"column":74}},"20":{"start":{"line":61,"column":30},"end":{"line":63,"column":8}},"21":{"start":{"line":64,"column":6},"end":{"line":64,"column":39}},"22":{"start":{"line":70,"column":0},"end":{"line":70,"column":50}}},"fnMap":{"0":{"name":"_interopRequireDefault","decl":{"start":{"line":12,"column":9},"end":{"line":12,"column":31}},"loc":{"start":{"line":12,"column":37},"end":{"line":12,"column":95}},"line":12},"1":{"name":"(anonymous_1)","decl":{"start":{"line":15,"column":18},"end":{"line":15,"column":19}},"loc":{"start":{"line":19,"column":11},"end":{"line":29,"column":1}},"line":19},"2":{"name":"(anonymous_2)","decl":{"start":{"line":21,"column":13},"end":{"line":21,"column":14}},"loc":{"start":{"line":21,"column":25},"end":{"line":26,"column":5}},"line":21},"3":{"name":"(anonymous_3)","decl":{"start":{"line":34,"column":28},"end":{"line":34,"column":29}},"loc":{"start":{"line":39,"column":11},"end":{"line":68,"column":1}},"line":39},"4":{"name":"(anonymous_4)","decl":{"start":{"line":41,"column":13},"end":{"line":41,"column":14}},"loc":{"start":{"line":41,"column":25},"end":{"line":65,"column":5}},"line":41},"5":{"name":"(anonymous_5)","decl":{"start":{"line":52,"column":101},"end":{"line":52,"column":102}},"loc":{"start":{"line":52,"column":113},"end":{"line":52,"column":145}},"line":52},"6":{"name":"(anonymous_6)","decl":{"start":{"line":54,"column":53},"end":{"line":54,"column":54}},"loc":{"start":{"line":54,"column":65},"end":{"line":56,"column":7}},"line":54}},"branchMap":{"0":{"loc":{"start":{"line":12,"column":46},"end":{"line":12,"column":92}},"type":"cond-expr","locations":[{"start":{"line":12,"column":70},"end":{"line":12,"column":73}},{"start":{"line":12,"column":76},"end":{"line":12,"column":92}}],"line":12},"1":{"loc":{"start":{"line":12,"column":46},"end":{"line":12,"column":67}},"type":"binary-expr","locations":[{"start":{"line":12,"column":46},"end":{"line":12,"column":49}},{"start":{"line":12,"column":53},"end":{"line":12,"column":67}}],"line":12},"2":{"loc":{"start":{"line":46,"column":30},"end":{"line":50,"column":7}},"type":"binary-expr","locations":[{"start":{"line":46,"column":30},"end":{"line":46,"column":41}},{"start":{"line":46,"column":45},"end":{"line":50,"column":7}}],"line":46},"3":{"loc":{"start":{"line":52,"column":31},"end":{"line":52,"column":154}},"type":"cond-expr","locations":[{"start":{"line":52,"column":74},"end":{"line":52,"column":146}},{"start":{"line":52,"column":149},"end":{"line":52,"column":154}}],"line":52},"4":{"loc":{"start":{"line":52,"column":31},"end":{"line":52,"column":71}},"type":"binary-expr","locations":[{"start":{"line":52,"column":31},"end":{"line":52,"column":46}},{"start":{"line":52,"column":50},"end":{"line":52,"column":71}}],"line":52},"5":{"loc":{"start":{"line":54,"column":6},"end":{"line":58,"column":8}},"type":"cond-expr","locations":[{"start":{"line":54,"column":27},"end":{"line":56,"column":8}},{"start":{"line":56,"column":11},"end":{"line":58,"column":8}}],"line":54},"6":{"loc":{"start":{"line":55,"column":8},"end":{"line":55,"column":69}},"type":"if","locations":[{"start":{"line":55,"column":8},"end":{"line":55,"column":69}},{"start":{"line":55,"column":8},"end":{"line":55,"column":69}}],"line":55}},"s":{"0":3,"1":3,"2":3,"3":3,"4":6,"5":3,"6":1,"7":1,"8":1,"9":3,"10":3,"11":1,"12":1,"13":1,"14":1,"15":1,"16":1,"17":1,"18":1,"19":1,"20":1,"21":1,"22":3},"f":{"0":6,"1":1,"2":1,"3":1,"4":1,"5":1,"6":1},"b":{"0":[6,0],"1":[6,6],"2":[1,0],"3":[1,0],"4":[1,1],"5":[1,0],"6":[1,0]},"_coverageSchema":"1a1c01bbd47fc00a2c39e90264f33305004495a9","hash":"d152d5669c7e25f9cc3e877a13dbc2dc0e0e008c"}
,"/media/dhara/STORAGE/Dhara/Projects/kabratest-backend/src/controllers/product.controller.mjs": {"path":"/media/dhara/STORAGE/Dhara/Projects/kabratest-backend/src/controllers/product.controller.mjs","statementMap":{"0":{"start":{"line":3,"column":0},"end":{"line":5,"column":3}},"1":{"start":{"line":6,"column":0},"end":{"line":6,"column":34}},"2":{"start":{"line":8,"column":15},"end":{"line":8,"column":73}},"3":{"start":{"line":10,"column":20},"end":{"line":10,"column":84}},"4":{"start":{"line":12,"column":39},"end":{"line":12,"column":93}},"5":{"start":{"line":15,"column":25},"end":{"line":28,"column":1}},"6":{"start":{"line":16,"column":2},"end":{"line":27,"column":5}},"7":{"start":{"line":18,"column":25},"end":{"line":18,"column":27}},"8":{"start":{"line":19,"column":23},"end":{"line":19,"column":64}},"9":{"start":{"line":21,"column":6},"end":{"line":23,"column":56}},"10":{"start":{"line":23,"column":12},"end":{"line":23,"column":54}},"11":{"start":{"line":24,"column":6},"end":{"line":24,"column":36}},"12":{"start":{"line":30,"column":0},"end":{"line":30,"column":44}}},"fnMap":{"0":{"name":"_interopRequireDefault","decl":{"start":{"line":12,"column":9},"end":{"line":12,"column":31}},"loc":{"start":{"line":12,"column":37},"end":{"line":12,"column":95}},"line":12},"1":{"name":"(anonymous_1)","decl":{"start":{"line":15,"column":25},"end":{"line":15,"column":26}},"loc":{"start":{"line":15,"column":38},"end":{"line":28,"column":1}},"line":15},"2":{"name":"(anonymous_2)","decl":{"start":{"line":17,"column":13},"end":{"line":17,"column":14}},"loc":{"start":{"line":17,"column":25},"end":{"line":25,"column":5}},"line":17},"3":{"name":"(anonymous_3)","decl":{"start":{"line":21,"column":23},"end":{"line":21,"column":24}},"loc":{"start":{"line":23,"column":12},"end":{"line":23,"column":54}},"line":23}},"branchMap":{"0":{"loc":{"start":{"line":12,"column":46},"end":{"line":12,"column":92}},"type":"cond-expr","locations":[{"start":{"line":12,"column":70},"end":{"line":12,"column":73}},{"start":{"line":12,"column":76},"end":{"line":12,"column":92}}],"line":12},"1":{"loc":{"start":{"line":12,"column":46},"end":{"line":12,"column":67}},"type":"binary-expr","locations":[{"start":{"line":12,"column":46},"end":{"line":12,"column":49}},{"start":{"line":12,"column":53},"end":{"line":12,"column":67}}],"line":12}},"s":{"0":3,"1":3,"2":3,"3":3,"4":6,"5":3,"6":1,"7":1,"8":1,"9":1,"10":5,"11":1,"12":3},"f":{"0":6,"1":1,"2":1,"3":5},"b":{"0":[6,0],"1":[6,6]},"_coverageSchema":"1a1c01bbd47fc00a2c39e90264f33305004495a9","hash":"54762e3eff7b46e35c0e279659e0521b50cd2128"}
,"/media/dhara/STORAGE/Dhara/Projects/kabratest-backend/src/controllers/user.controller.mjs": {"path":"/media/dhara/STORAGE/Dhara/Projects/kabratest-backend/src/controllers/user.controller.mjs","statementMap":{"0":{"start":{"line":3,"column":0},"end":{"line":5,"column":3}},"1":{"start":{"line":6,"column":0},"end":{"line":6,"column":44}},"2":{"start":{"line":8,"column":16},"end":{"line":8,"column":59}},"3":{"start":{"line":10,"column":12},"end":{"line":10,"column":67}},"4":{"start":{"line":12,"column":20},"end":{"line":12,"column":84}},"5":{"start":{"line":14,"column":39},"end":{"line":14,"column":93}},"6":{"start":{"line":17,"column":19},"end":{"line":33,"column":1}},"7":{"start":{"line":20,"column":2},"end":{"line":32,"column":5}},"8":{"start":{"line":22,"column":19},"end":{"line":22,"column":48}},"9":{"start":{"line":23,"column":6},"end":{"line":23,"column":24}},"10":{"start":{"line":25,"column":20},"end":{"line":25,"column":50}},"11":{"start":{"line":26,"column":6},"end":{"line":29,"column":9}},"12":{"start":{"line":36,"column":0},"end":{"line":36,"column":32}},"13":{"start":{"line":38,"column":14},"end":{"line":65,"column":1}},"14":{"start":{"line":44,"column":2},"end":{"line":64,"column":5}},"15":{"start":{"line":46,"column":19},"end":{"line":48,"column":8}},"16":{"start":{"line":49,"column":6},"end":{"line":51,"column":9}},"17":{"start":{"line":49,"column":17},"end":{"line":51,"column":9}},"18":{"start":{"line":52,"column":30},"end":{"line":52,"column":86}},"19":{"start":{"line":53,"column":6},"end":{"line":55,"column":9}},"20":{"start":{"line":53,"column":28},"end":{"line":55,"column":9}},"21":{"start":{"line":57,"column":20},"end":{"line":57,"column":50}},"22":{"start":{"line":58,"column":6},"end":{"line":61,"column":9}},"23":{"start":{"line":67,"column":0},"end":{"line":67,"column":22}}},"fnMap":{"0":{"name":"_interopRequireDefault","decl":{"start":{"line":14,"column":9},"end":{"line":14,"column":31}},"loc":{"start":{"line":14,"column":37},"end":{"line":14,"column":95}},"line":14},"1":{"name":"(anonymous_1)","decl":{"start":{"line":17,"column":19},"end":{"line":17,"column":20}},"loc":{"start":{"line":19,"column":11},"end":{"line":33,"column":1}},"line":19},"2":{"name":"(anonymous_2)","decl":{"start":{"line":21,"column":13},"end":{"line":21,"column":14}},"loc":{"start":{"line":21,"column":25},"end":{"line":30,"column":5}},"line":21},"3":{"name":"(anonymous_3)","decl":{"start":{"line":38,"column":14},"end":{"line":38,"column":15}},"loc":{"start":{"line":43,"column":11},"end":{"line":65,"column":1}},"line":43},"4":{"name":"(anonymous_4)","decl":{"start":{"line":45,"column":13},"end":{"line":45,"column":14}},"loc":{"start":{"line":45,"column":25},"end":{"line":62,"column":5}},"line":45}},"branchMap":{"0":{"loc":{"start":{"line":14,"column":46},"end":{"line":14,"column":92}},"type":"cond-expr","locations":[{"start":{"line":14,"column":70},"end":{"line":14,"column":73}},{"start":{"line":14,"column":76},"end":{"line":14,"column":92}}],"line":14},"1":{"loc":{"start":{"line":14,"column":46},"end":{"line":14,"column":67}},"type":"binary-expr","locations":[{"start":{"line":14,"column":46},"end":{"line":14,"column":49}},{"start":{"line":14,"column":53},"end":{"line":14,"column":67}}],"line":14},"2":{"loc":{"start":{"line":49,"column":6},"end":{"line":51,"column":9}},"type":"if","locations":[{"start":{"line":49,"column":6},"end":{"line":51,"column":9}},{"start":{"line":49,"column":6},"end":{"line":51,"column":9}}],"line":49},"3":{"loc":{"start":{"line":53,"column":6},"end":{"line":55,"column":9}},"type":"if","locations":[{"start":{"line":53,"column":6},"end":{"line":55,"column":9}},{"start":{"line":53,"column":6},"end":{"line":55,"column":9}}],"line":53}},"s":{"0":3,"1":3,"2":3,"3":3,"4":3,"5":9,"6":3,"7":1,"8":1,"9":1,"10":0,"11":0,"12":3,"13":3,"14":2,"15":2,"16":2,"17":1,"18":1,"19":1,"20":0,"21":1,"22":1,"23":3},"f":{"0":9,"1":1,"2":1,"3":2,"4":2},"b":{"0":[6,3],"1":[9,9],"2":[1,1],"3":[0,1]},"_coverageSchema":"1a1c01bbd47fc00a2c39e90264f33305004495a9","hash":"7d2a803b7793f712be89d611d9f94f9163d123c1"}
,"/media/dhara/STORAGE/Dhara/Projects/kabratest-backend/src/db/db.mjs": {"path":"/media/dhara/STORAGE/Dhara/Projects/kabratest-backend/src/db/db.mjs","statementMap":{"0":{"start":{"line":3,"column":16},"end":{"line":3,"column":59}},"1":{"start":{"line":5,"column":39},"end":{"line":5,"column":93}},"2":{"start":{"line":8,"column":0},"end":{"line":12,"column":3}}},"fnMap":{"0":{"name":"_interopRequireDefault","decl":{"start":{"line":5,"column":9},"end":{"line":5,"column":31}},"loc":{"start":{"line":5,"column":37},"end":{"line":5,"column":95}},"line":5}},"branchMap":{"0":{"loc":{"start":{"line":5,"column":46},"end":{"line":5,"column":92}},"type":"cond-expr","locations":[{"start":{"line":5,"column":70},"end":{"line":5,"column":73}},{"start":{"line":5,"column":76},"end":{"line":5,"column":92}}],"line":5},"1":{"loc":{"start":{"line":5,"column":46},"end":{"line":5,"column":67}},"type":"binary-expr","locations":[{"start":{"line":5,"column":46},"end":{"line":5,"column":49}},{"start":{"line":5,"column":53},"end":{"line":5,"column":67}}],"line":5}},"s":{"0":3,"1":3,"2":3},"f":{"0":3},"b":{"0":[0,3],"1":[3,3]},"_coverageSchema":"1a1c01bbd47fc00a2c39e90264f33305004495a9","hash":"5d2365338b18e5cd4f488f52c9b72954d7a977ab"}
,"/media/dhara/STORAGE/Dhara/Projects/kabratest-backend/src/helpers/errorHandler.mjs": {"path":"/media/dhara/STORAGE/Dhara/Projects/kabratest-backend/src/helpers/errorHandler.mjs","statementMap":{"0":{"start":{"line":3,"column":0},"end":{"line":5,"column":3}},"1":{"start":{"line":6,"column":0},"end":{"line":6,"column":25}},"2":{"start":{"line":9,"column":20},"end":{"line":21,"column":1}},"3":{"start":{"line":13,"column":2},"end":{"line":20,"column":3}},"4":{"start":{"line":14,"column":4},"end":{"line":14,"column":20}},"5":{"start":{"line":16,"column":4},"end":{"line":19,"column":7}},"6":{"start":{"line":23,"column":15},"end":{"line":23,"column":26}},"7":{"start":{"line":24,"column":0},"end":{"line":24,"column":27}}},"fnMap":{"0":{"name":"(anonymous_0)","decl":{"start":{"line":9,"column":20},"end":{"line":9,"column":21}},"loc":{"start":{"line":12,"column":6},"end":{"line":21,"column":1}},"line":12}},"branchMap":{},"s":{"0":3,"1":3,"2":3,"3":6,"4":6,"5":1,"6":3,"7":3},"f":{"0":6},"b":{},"_coverageSchema":"1a1c01bbd47fc00a2c39e90264f33305004495a9","hash":"45ceba16d0929e8433eb63c96f89614747ebb458"}
,"/media/dhara/STORAGE/Dhara/Projects/kabratest-backend/src/middleware/auth.mjs": {"path":"/media/dhara/STORAGE/Dhara/Projects/kabratest-backend/src/middleware/auth.mjs","statementMap":{"0":{"start":{"line":3,"column":0},"end":{"line":5,"column":3}},"1":{"start":{"line":6,"column":0},"end":{"line":6,"column":25}},"2":{"start":{"line":8,"column":20},"end":{"line":8,"column":67}},"3":{"start":{"line":10,"column":12},"end":{"line":10,"column":65}},"4":{"start":{"line":12,"column":39},"end":{"line":12,"column":93}},"5":{"start":{"line":15,"column":13},"end":{"line":39,"column":1}},"6":{"start":{"line":17,"column":2},"end":{"line":17,"column":66}},"7":{"start":{"line":17,"column":36},"end":{"line":17,"column":66}},"8":{"start":{"line":18,"column":16},"end":{"line":18,"column":66}},"9":{"start":{"line":20,"column":15},"end":{"line":20,"column":71}},"10":{"start":{"line":22,"column":2},"end":{"line":38,"column":3}},"11":{"start":{"line":24,"column":17},"end":{"line":29,"column":6}},"12":{"start":{"line":30,"column":4},"end":{"line":30,"column":45}},"13":{"start":{"line":30,"column":15},"end":{"line":30,"column":45}},"14":{"start":{"line":32,"column":4},"end":{"line":32,"column":20}},"15":{"start":{"line":33,"column":4},"end":{"line":33,"column":22}},"16":{"start":{"line":35,"column":4},"end":{"line":35,"column":11}},"17":{"start":{"line":37,"column":4},"end":{"line":37,"column":34}},"18":{"start":{"line":42,"column":26},"end":{"line":44,"column":2}},"19":{"start":{"line":42,"column":33},"end":{"line":44,"column":2}},"20":{"start":{"line":46,"column":15},"end":{"line":46,"column":19}},"21":{"start":{"line":47,"column":0},"end":{"line":47,"column":27}}},"fnMap":{"0":{"name":"_interopRequireDefault","decl":{"start":{"line":12,"column":9},"end":{"line":12,"column":31}},"loc":{"start":{"line":12,"column":37},"end":{"line":12,"column":95}},"line":12},"1":{"name":"(anonymous_1)","decl":{"start":{"line":15,"column":13},"end":{"line":15,"column":14}},"loc":{"start":{"line":15,"column":39},"end":{"line":39,"column":1}},"line":15},"2":{"name":"(anonymous_2)","decl":{"start":{"line":42,"column":26},"end":{"line":42,"column":27}},"loc":{"start":{"line":42,"column":33},"end":{"line":44,"column":2}},"line":42}},"branchMap":{"0":{"loc":{"start":{"line":12,"column":46},"end":{"line":12,"column":92}},"type":"cond-expr","locations":[{"start":{"line":12,"column":70},"end":{"line":12,"column":73}},{"start":{"line":12,"column":76},"end":{"line":12,"column":92}}],"line":12},"1":{"loc":{"start":{"line":12,"column":46},"end":{"line":12,"column":67}},"type":"binary-expr","locations":[{"start":{"line":12,"column":46},"end":{"line":12,"column":49}},{"start":{"line":12,"column":53},"end":{"line":12,"column":67}}],"line":12},"2":{"loc":{"start":{"line":17,"column":2},"end":{"line":17,"column":66}},"type":"if","locations":[{"start":{"line":17,"column":2},"end":{"line":17,"column":66}},{"start":{"line":17,"column":2},"end":{"line":17,"column":66}}],"line":17},"3":{"loc":{"start":{"line":30,"column":4},"end":{"line":30,"column":45}},"type":"if","locations":[{"start":{"line":30,"column":4},"end":{"line":30,"column":45}},{"start":{"line":30,"column":4},"end":{"line":30,"column":45}}],"line":30}},"s":{"0":3,"1":3,"2":3,"3":3,"4":6,"5":3,"6":3,"7":1,"8":2,"9":2,"10":2,"11":2,"12":2,"13":0,"14":2,"15":2,"16":2,"17":0,"18":3,"19":1,"20":3,"21":3},"f":{"0":6,"1":3,"2":1},"b":{"0":[3,3],"1":[6,6],"2":[1,2],"3":[0,2]},"_coverageSchema":"1a1c01bbd47fc00a2c39e90264f33305004495a9","hash":"7b0f8bdfb817388d2da26562c27912b77bb6beef"}
,"/media/dhara/STORAGE/Dhara/Projects/kabratest-backend/src/models/Cart.mjs": {"path":"/media/dhara/STORAGE/Dhara/Projects/kabratest-backend/src/models/Cart.mjs","statementMap":{"0":{"start":{"line":3,"column":0},"end":{"line":5,"column":3}},"1":{"start":{"line":6,"column":0},"end":{"line":6,"column":25}},"2":{"start":{"line":8,"column":16},"end":{"line":8,"column":59}},"3":{"start":{"line":10,"column":39},"end":{"line":10,"column":93}},"4":{"start":{"line":13,"column":19},"end":{"line":46,"column":2}},"5":{"start":{"line":49,"column":0},"end":{"line":53,"column":3}},"6":{"start":{"line":51,"column":6},"end":{"line":53,"column":2}},"7":{"start":{"line":55,"column":0},"end":{"line":63,"column":3}},"8":{"start":{"line":57,"column":6},"end":{"line":63,"column":2}},"9":{"start":{"line":65,"column":13},"end":{"line":65,"column":56}},"10":{"start":{"line":67,"column":15},"end":{"line":67,"column":19}},"11":{"start":{"line":68,"column":0},"end":{"line":68,"column":27}}},"fnMap":{"0":{"name":"_interopRequireDefault","decl":{"start":{"line":10,"column":9},"end":{"line":10,"column":31}},"loc":{"start":{"line":10,"column":37},"end":{"line":10,"column":95}},"line":10},"1":{"name":"(anonymous_1)","decl":{"start":{"line":49,"column":31},"end":{"line":49,"column":32}},"loc":{"start":{"line":51,"column":6},"end":{"line":53,"column":2}},"line":51},"2":{"name":"(anonymous_2)","decl":{"start":{"line":55,"column":41},"end":{"line":55,"column":42}},"loc":{"start":{"line":57,"column":6},"end":{"line":63,"column":2}},"line":57}},"branchMap":{"0":{"loc":{"start":{"line":10,"column":46},"end":{"line":10,"column":92}},"type":"cond-expr","locations":[{"start":{"line":10,"column":70},"end":{"line":10,"column":73}},{"start":{"line":10,"column":76},"end":{"line":10,"column":92}}],"line":10},"1":{"loc":{"start":{"line":10,"column":46},"end":{"line":10,"column":67}},"type":"binary-expr","locations":[{"start":{"line":10,"column":46},"end":{"line":10,"column":49}},{"start":{"line":10,"column":53},"end":{"line":10,"column":67}}],"line":10}},"s":{"0":3,"1":3,"2":3,"3":3,"4":3,"5":3,"6":2,"7":3,"8":1,"9":3,"10":3,"11":3},"f":{"0":3,"1":2,"2":1},"b":{"0":[0,3],"1":[3,3]},"_coverageSchema":"1a1c01bbd47fc00a2c39e90264f33305004495a9","hash":"6ed968d2eaffb5e03fbc82efb69981da16384aba"}
,"/media/dhara/STORAGE/Dhara/Projects/kabratest-backend/src/models/Product.mjs": {"path":"/media/dhara/STORAGE/Dhara/Projects/kabratest-backend/src/models/Product.mjs","statementMap":{"0":{"start":{"line":3,"column":0},"end":{"line":5,"column":3}},"1":{"start":{"line":6,"column":0},"end":{"line":6,"column":25}},"2":{"start":{"line":8,"column":16},"end":{"line":8,"column":59}},"3":{"start":{"line":10,"column":39},"end":{"line":10,"column":93}},"4":{"start":{"line":13,"column":22},"end":{"line":45,"column":2}},"5":{"start":{"line":48,"column":0},"end":{"line":50,"column":3}},"6":{"start":{"line":48,"column":53},"end":{"line":50,"column":2}},"7":{"start":{"line":52,"column":16},"end":{"line":52,"column":65}},"8":{"start":{"line":54,"column":15},"end":{"line":54,"column":22}},"9":{"start":{"line":55,"column":0},"end":{"line":55,"column":27}}},"fnMap":{"0":{"name":"_interopRequireDefault","decl":{"start":{"line":10,"column":9},"end":{"line":10,"column":31}},"loc":{"start":{"line":10,"column":37},"end":{"line":10,"column":95}},"line":10},"1":{"name":"(anonymous_1)","decl":{"start":{"line":48,"column":41},"end":{"line":48,"column":42}},"loc":{"start":{"line":48,"column":53},"end":{"line":50,"column":2}},"line":48}},"branchMap":{"0":{"loc":{"start":{"line":10,"column":46},"end":{"line":10,"column":92}},"type":"cond-expr","locations":[{"start":{"line":10,"column":70},"end":{"line":10,"column":73}},{"start":{"line":10,"column":76},"end":{"line":10,"column":92}}],"line":10},"1":{"loc":{"start":{"line":10,"column":46},"end":{"line":10,"column":67}},"type":"binary-expr","locations":[{"start":{"line":10,"column":46},"end":{"line":10,"column":49}},{"start":{"line":10,"column":53},"end":{"line":10,"column":67}}],"line":10}},"s":{"0":3,"1":3,"2":3,"3":3,"4":3,"5":3,"6":1,"7":3,"8":3,"9":3},"f":{"0":3,"1":1},"b":{"0":[0,3],"1":[3,3]},"_coverageSchema":"1a1c01bbd47fc00a2c39e90264f33305004495a9","hash":"5d94c3274b9e8b2fe3c15aa6ccf2d45baa281199"}
,"/media/dhara/STORAGE/Dhara/Projects/kabratest-backend/src/models/User.mjs": {"path":"/media/dhara/STORAGE/Dhara/Projects/kabratest-backend/src/models/User.mjs","statementMap":{"0":{"start":{"line":3,"column":0},"end":{"line":5,"column":3}},"1":{"start":{"line":6,"column":0},"end":{"line":6,"column":25}},"2":{"start":{"line":8,"column":16},"end":{"line":8,"column":59}},"3":{"start":{"line":10,"column":17},"end":{"line":10,"column":61}},"4":{"start":{"line":12,"column":16},"end":{"line":12,"column":59}},"5":{"start":{"line":14,"column":20},"end":{"line":14,"column":67}},"6":{"start":{"line":16,"column":39},"end":{"line":16,"column":93}},"7":{"start":{"line":18,"column":19},"end":{"line":46,"column":2}},"8":{"start":{"line":30,"column":6},"end":{"line":32,"column":9}},"9":{"start":{"line":30,"column":46},"end":{"line":32,"column":9}},"10":{"start":{"line":49,"column":0},"end":{"line":54,"column":3}},"11":{"start":{"line":50,"column":15},"end":{"line":50,"column":19}},"12":{"start":{"line":52,"column":2},"end":{"line":52,"column":98}},"13":{"start":{"line":52,"column":35},"end":{"line":52,"column":98}},"14":{"start":{"line":53,"column":2},"end":{"line":53,"column":9}},"15":{"start":{"line":56,"column":0},"end":{"line":69,"column":2}},"16":{"start":{"line":57,"column":15},"end":{"line":57,"column":19}},"17":{"start":{"line":59,"column":16},"end":{"line":61,"column":25}},"18":{"start":{"line":64,"column":2},"end":{"line":66,"column":5}},"19":{"start":{"line":67,"column":2},"end":{"line":67,"column":20}},"20":{"start":{"line":68,"column":2},"end":{"line":68,"column":15}},"21":{"start":{"line":72,"column":0},"end":{"line":76,"column":3}},"22":{"start":{"line":74,"column":6},"end":{"line":76,"column":2}},"23":{"start":{"line":78,"column":0},"end":{"line":80,"column":32}},"24":{"start":{"line":80,"column":6},"end":{"line":80,"column":31}},"25":{"start":{"line":82,"column":13},"end":{"line":82,"column":56}},"26":{"start":{"line":84,"column":15},"end":{"line":84,"column":19}},"27":{"start":{"line":85,"column":0},"end":{"line":85,"column":27}}},"fnMap":{"0":{"name":"_interopRequireDefault","decl":{"start":{"line":16,"column":9},"end":{"line":16,"column":31}},"loc":{"start":{"line":16,"column":37},"end":{"line":16,"column":95}},"line":16},"1":{"name":"(anonymous_1)","decl":{"start":{"line":29,"column":14},"end":{"line":29,"column":15}},"loc":{"start":{"line":29,"column":23},"end":{"line":33,"column":5}},"line":29},"2":{"name":"(anonymous_2)","decl":{"start":{"line":49,"column":23},"end":{"line":49,"column":24}},"loc":{"start":{"line":49,"column":45},"end":{"line":54,"column":1}},"line":49},"3":{"name":"(anonymous_3)","decl":{"start":{"line":56,"column":39},"end":{"line":56,"column":40}},"loc":{"start":{"line":56,"column":57},"end":{"line":69,"column":1}},"line":56},"4":{"name":"(anonymous_4)","decl":{"start":{"line":72,"column":39},"end":{"line":72,"column":40}},"loc":{"start":{"line":74,"column":6},"end":{"line":76,"column":2}},"line":74},"5":{"name":"(anonymous_5)","decl":{"start":{"line":78,"column":33},"end":{"line":78,"column":34}},"loc":{"start":{"line":80,"column":6},"end":{"line":80,"column":31}},"line":80}},"branchMap":{"0":{"loc":{"start":{"line":16,"column":46},"end":{"line":16,"column":92}},"type":"cond-expr","locations":[{"start":{"line":16,"column":70},"end":{"line":16,"column":73}},{"start":{"line":16,"column":76},"end":{"line":16,"column":92}}],"line":16},"1":{"loc":{"start":{"line":16,"column":46},"end":{"line":16,"column":67}},"type":"binary-expr","locations":[{"start":{"line":16,"column":46},"end":{"line":16,"column":49}},{"start":{"line":16,"column":53},"end":{"line":16,"column":67}}],"line":16},"2":{"loc":{"start":{"line":30,"column":6},"end":{"line":32,"column":9}},"type":"if","locations":[{"start":{"line":30,"column":6},"end":{"line":32,"column":9}},{"start":{"line":30,"column":6},"end":{"line":32,"column":9}}],"line":30},"3":{"loc":{"start":{"line":52,"column":2},"end":{"line":52,"column":98}},"type":"if","locations":[{"start":{"line":52,"column":2},"end":{"line":52,"column":98}},{"start":{"line":52,"column":2},"end":{"line":52,"column":98}}],"line":52}},"s":{"0":3,"1":3,"2":3,"3":3,"4":3,"5":3,"6":12,"7":3,"8":2,"9":0,"10":3,"11":2,"12":2,"13":1,"14":2,"15":3,"16":1,"17":1,"18":1,"19":1,"20":1,"21":3,"22":2,"23":3,"24":2,"25":3,"26":3,"27":3},"f":{"0":12,"1":2,"2":2,"3":1,"4":2,"5":2},"b":{"0":[0,12],"1":[12,12],"2":[0,2],"3":[1,1]},"_coverageSchema":"1a1c01bbd47fc00a2c39e90264f33305004495a9","hash":"35c5510d34d61b6159cd84fa8ef7d9c557a0c2e4"}
,"/media/dhara/STORAGE/Dhara/Projects/kabratest-backend/src/routers/cart.router.mjs": {"path":"/media/dhara/STORAGE/Dhara/Projects/kabratest-backend/src/routers/cart.router.mjs","statementMap":{"0":{"start":{"line":3,"column":0},"end":{"line":5,"column":3}},"1":{"start":{"line":6,"column":0},"end":{"line":6,"column":25}},"2":{"start":{"line":8,"column":15},"end":{"line":8,"column":57}},"3":{"start":{"line":10,"column":12},"end":{"line":10,"column":71}},"4":{"start":{"line":12,"column":22},"end":{"line":12,"column":69}},"5":{"start":{"line":14,"column":39},"end":{"line":14,"column":93}},"6":{"start":{"line":16,"column":19},"end":{"line":16,"column":44}},"7":{"start":{"line":20,"column":0},"end":{"line":20,"column":107}},"8":{"start":{"line":20,"column":59},"end":{"line":20,"column":105}},"9":{"start":{"line":22,"column":0},"end":{"line":22,"column":125}},"10":{"start":{"line":22,"column":67},"end":{"line":22,"column":123}},"11":{"start":{"line":23,"column":15},"end":{"line":23,"column":25}},"12":{"start":{"line":24,"column":0},"end":{"line":24,"column":27}}},"fnMap":{"0":{"name":"_interopRequireDefault","decl":{"start":{"line":14,"column":9},"end":{"line":14,"column":31}},"loc":{"start":{"line":14,"column":37},"end":{"line":14,"column":95}},"line":14},"1":{"name":"(anonymous_1)","decl":{"start":{"line":20,"column":39},"end":{"line":20,"column":40}},"loc":{"start":{"line":20,"column":59},"end":{"line":20,"column":105}},"line":20},"2":{"name":"(anonymous_2)","decl":{"start":{"line":22,"column":47},"end":{"line":22,"column":48}},"loc":{"start":{"line":22,"column":67},"end":{"line":22,"column":123}},"line":22}},"branchMap":{"0":{"loc":{"start":{"line":14,"column":46},"end":{"line":14,"column":92}},"type":"cond-expr","locations":[{"start":{"line":14,"column":70},"end":{"line":14,"column":73}},{"start":{"line":14,"column":76},"end":{"line":14,"column":92}}],"line":14},"1":{"loc":{"start":{"line":14,"column":46},"end":{"line":14,"column":67}},"type":"binary-expr","locations":[{"start":{"line":14,"column":46},"end":{"line":14,"column":49}},{"start":{"line":14,"column":53},"end":{"line":14,"column":67}}],"line":14}},"s":{"0":3,"1":3,"2":3,"3":3,"4":3,"5":6,"6":3,"7":3,"8":1,"9":3,"10":1,"11":3,"12":3},"f":{"0":6,"1":1,"2":1},"b":{"0":[3,3],"1":[6,6]},"_coverageSchema":"1a1c01bbd47fc00a2c39e90264f33305004495a9","hash":"9a0f6806648bcc2e5ca840b68f8cee4de4d67c1f"}
,"/media/dhara/STORAGE/Dhara/Projects/kabratest-backend/src/routers/product.router.mjs": {"path":"/media/dhara/STORAGE/Dhara/Projects/kabratest-backend/src/routers/product.router.mjs","statementMap":{"0":{"start":{"line":3,"column":0},"end":{"line":5,"column":3}},"1":{"start":{"line":6,"column":0},"end":{"line":6,"column":25}},"2":{"start":{"line":8,"column":15},"end":{"line":8,"column":57}},"3":{"start":{"line":10,"column":25},"end":{"line":10,"column":75}},"4":{"start":{"line":12,"column":39},"end":{"line":12,"column":93}},"5":{"start":{"line":14,"column":22},"end":{"line":14,"column":47}},"6":{"start":{"line":18,"column":0},"end":{"line":18,"column":102}},"7":{"start":{"line":18,"column":49},"end":{"line":18,"column":100}},"8":{"start":{"line":19,"column":15},"end":{"line":19,"column":28}},"9":{"start":{"line":20,"column":0},"end":{"line":20,"column":27}}},"fnMap":{"0":{"name":"_interopRequireDefault","decl":{"start":{"line":12,"column":9},"end":{"line":12,"column":31}},"loc":{"start":{"line":12,"column":37},"end":{"line":12,"column":95}},"line":12},"1":{"name":"(anonymous_1)","decl":{"start":{"line":18,"column":31},"end":{"line":18,"column":32}},"loc":{"start":{"line":18,"column":49},"end":{"line":18,"column":100}},"line":18}},"branchMap":{"0":{"loc":{"start":{"line":12,"column":46},"end":{"line":12,"column":92}},"type":"cond-expr","locations":[{"start":{"line":12,"column":70},"end":{"line":12,"column":73}},{"start":{"line":12,"column":76},"end":{"line":12,"column":92}}],"line":12},"1":{"loc":{"start":{"line":12,"column":46},"end":{"line":12,"column":67}},"type":"binary-expr","locations":[{"start":{"line":12,"column":46},"end":{"line":12,"column":49}},{"start":{"line":12,"column":53},"end":{"line":12,"column":67}}],"line":12}},"s":{"0":3,"1":3,"2":3,"3":3,"4":3,"5":3,"6":3,"7":1,"8":3,"9":3},"f":{"0":3,"1":1},"b":{"0":[0,3],"1":[3,3]},"_coverageSchema":"1a1c01bbd47fc00a2c39e90264f33305004495a9","hash":"3c768c8d0bebbc4bf3a828c09a583cf8ab70b5b8"}
,"/media/dhara/STORAGE/Dhara/Projects/kabratest-backend/src/routers/user.router.mjs": {"path":"/media/dhara/STORAGE/Dhara/Projects/kabratest-backend/src/routers/user.router.mjs","statementMap":{"0":{"start":{"line":3,"column":0},"end":{"line":5,"column":3}},"1":{"start":{"line":6,"column":0},"end":{"line":6,"column":25}},"2":{"start":{"line":8,"column":15},"end":{"line":8,"column":57}},"3":{"start":{"line":10,"column":22},"end":{"line":10,"column":69}},"4":{"start":{"line":12,"column":39},"end":{"line":12,"column":93}},"5":{"start":{"line":14,"column":19},"end":{"line":14,"column":44}},"6":{"start":{"line":18,"column":0},"end":{"line":18,"column":102}},"7":{"start":{"line":18,"column":53},"end":{"line":18,"column":100}},"8":{"start":{"line":20,"column":0},"end":{"line":20,"column":96}},"9":{"start":{"line":20,"column":52},"end":{"line":20,"column":94}},"10":{"start":{"line":21,"column":15},"end":{"line":21,"column":25}},"11":{"start":{"line":22,"column":0},"end":{"line":22,"column":27}}},"fnMap":{"0":{"name":"_interopRequireDefault","decl":{"start":{"line":12,"column":9},"end":{"line":12,"column":31}},"loc":{"start":{"line":12,"column":37},"end":{"line":12,"column":95}},"line":12},"1":{"name":"(anonymous_1)","decl":{"start":{"line":18,"column":33},"end":{"line":18,"column":34}},"loc":{"start":{"line":18,"column":53},"end":{"line":18,"column":100}},"line":18},"2":{"name":"(anonymous_2)","decl":{"start":{"line":20,"column":32},"end":{"line":20,"column":33}},"loc":{"start":{"line":20,"column":52},"end":{"line":20,"column":94}},"line":20}},"branchMap":{"0":{"loc":{"start":{"line":12,"column":46},"end":{"line":12,"column":92}},"type":"cond-expr","locations":[{"start":{"line":12,"column":70},"end":{"line":12,"column":73}},{"start":{"line":12,"column":76},"end":{"line":12,"column":92}}],"line":12},"1":{"loc":{"start":{"line":12,"column":46},"end":{"line":12,"column":67}},"type":"binary-expr","locations":[{"start":{"line":12,"column":46},"end":{"line":12,"column":49}},{"start":{"line":12,"column":53},"end":{"line":12,"column":67}}],"line":12}},"s":{"0":3,"1":3,"2":3,"3":3,"4":3,"5":3,"6":3,"7":1,"8":3,"9":2,"10":3,"11":3},"f":{"0":3,"1":1,"2":2},"b":{"0":[0,3],"1":[3,3]},"_coverageSchema":"1a1c01bbd47fc00a2c39e90264f33305004495a9","hash":"92ed4c236871c7cc8a8951125b323e6d4331b51c"}
}
