TN:
SF:src/app.js
FN:13,_getRequireWildcardCache
FN:13,(anonymous_1)
FN:15,_interopRequireWildcard
FN:17,_interopRequireDefault
FN:28,(anonymous_4)
FNF:5
FNH:3
FNDA:3,_getRequireWildcardCache
FNDA:0,(anonymous_1)
FNDA:3,_interopRequireWildcard
FNDA:12,_interopRequireDefault
FNDA:0,(anonymous_4)
DA:3,3
DA:5,3
DA:7,3
DA:9,3
DA:11,3
DA:13,3
DA:15,3
DA:17,12
DA:19,3
DA:20,3
DA:22,3
DA:24,3
DA:25,3
DA:26,3
DA:28,3
DA:29,0
LF:16
LH:15
BRDA:13,0,0,0
BRDA:13,0,1,3
BRDA:15,1,0,0
BRDA:15,1,1,3
BRDA:15,2,0,3
BRDA:15,2,1,3
BRDA:15,3,0,0
BRDA:15,3,1,3
BRDA:15,4,0,3
BRDA:15,4,1,3
BRDA:15,4,2,0
BRDA:15,5,0,0
BRDA:15,5,1,3
BRDA:15,6,0,3
BRDA:15,6,1,3
BRDA:15,7,0,3
BRDA:15,7,1,3
BRDA:15,8,0,0
BRDA:15,8,1,0
BRDA:15,9,0,0
BRDA:15,9,1,0
BRDA:15,10,0,0
BRDA:15,10,1,0
BRDA:15,11,0,0
BRDA:15,11,1,0
BRDA:15,11,2,0
BRDA:15,12,0,3
BRDA:15,12,1,0
BRDA:17,13,0,9
BRDA:17,13,1,3
BRDA:17,14,0,12
BRDA:17,14,1,12
BRDA:28,15,0,0
BRDA:28,15,1,3
BRF:34
BRH:18
end_of_record
TN:
SF:src/controllers/cart.controller.mjs
FN:12,_interopRequireDefault
FN:15,(anonymous_1)
FN:21,(anonymous_2)
FN:34,(anonymous_3)
FN:41,(anonymous_4)
FN:52,(anonymous_5)
FN:54,(anonymous_6)
FNF:7
FNH:7
FNDA:6,_interopRequireDefault
FNDA:1,(anonymous_1)
FNDA:1,(anonymous_2)
FNDA:1,(anonymous_3)
FNDA:1,(anonymous_4)
FNDA:1,(anonymous_5)
FNDA:1,(anonymous_6)
DA:3,3
DA:6,3
DA:8,3
DA:10,3
DA:12,6
DA:15,3
DA:20,1
DA:22,1
DA:25,1
DA:32,3
DA:34,3
DA:40,1
DA:43,1
DA:46,1
DA:52,1
DA:54,1
DA:55,1
DA:60,1
DA:61,1
DA:64,1
DA:70,3
LF:21
LH:21
BRDA:12,0,0,6
BRDA:12,0,1,0
BRDA:12,1,0,6
BRDA:12,1,1,6
BRDA:46,2,0,1
BRDA:46,2,1,0
BRDA:52,3,0,1
BRDA:52,3,1,0
BRDA:52,4,0,1
BRDA:52,4,1,1
BRDA:54,5,0,1
BRDA:54,5,1,0
BRDA:55,6,0,1
BRDA:55,6,1,0
BRF:14
BRH:9
end_of_record
TN:
SF:src/controllers/product.controller.mjs
FN:12,_interopRequireDefault
FN:15,(anonymous_1)
FN:17,(anonymous_2)
FN:21,(anonymous_3)
FNF:4
FNH:4
FNDA:6,_interopRequireDefault
FNDA:1,(anonymous_1)
FNDA:1,(anonymous_2)
FNDA:5,(anonymous_3)
DA:3,3
DA:6,3
DA:8,3
DA:10,3
DA:12,6
DA:15,3
DA:16,1
DA:18,1
DA:19,1
DA:21,1
DA:23,5
DA:24,1
DA:30,3
LF:13
LH:13
BRDA:12,0,0,6
BRDA:12,0,1,0
BRDA:12,1,0,6
BRDA:12,1,1,6
BRF:4
BRH:3
end_of_record
TN:
SF:src/controllers/user.controller.mjs
FN:14,_interopRequireDefault
FN:17,(anonymous_1)
FN:21,(anonymous_2)
FN:38,(anonymous_3)
FN:45,(anonymous_4)
FNF:5
FNH:5
FNDA:9,_interopRequireDefault
FNDA:1,(anonymous_1)
FNDA:1,(anonymous_2)
FNDA:2,(anonymous_3)
FNDA:2,(anonymous_4)
DA:3,3
DA:6,3
DA:8,3
DA:10,3
DA:12,3
DA:14,9
DA:17,3
DA:20,1
DA:22,1
DA:23,1
DA:25,0
DA:26,0
DA:36,3
DA:38,3
DA:44,2
DA:46,2
DA:49,2
DA:52,1
DA:53,1
DA:57,1
DA:58,1
DA:67,3
LF:22
LH:20
BRDA:14,0,0,6
BRDA:14,0,1,3
BRDA:14,1,0,9
BRDA:14,1,1,9
BRDA:49,2,0,1
BRDA:49,2,1,1
BRDA:53,3,0,0
BRDA:53,3,1,1
BRF:8
BRH:7
end_of_record
TN:
SF:src/db/db.mjs
FN:5,_interopRequireDefault
FNF:1
FNH:1
FNDA:3,_interopRequireDefault
DA:3,3
DA:5,3
DA:8,3
LF:3
LH:3
BRDA:5,0,0,0
BRDA:5,0,1,3
BRDA:5,1,0,3
BRDA:5,1,1,3
BRF:4
BRH:3
end_of_record
TN:
SF:src/helpers/errorHandler.mjs
FN:9,(anonymous_0)
FNF:1
FNH:1
FNDA:6,(anonymous_0)
DA:3,3
DA:6,3
DA:9,3
DA:13,6
DA:14,6
DA:16,1
DA:23,3
DA:24,3
LF:8
LH:8
BRF:0
BRH:0
end_of_record
TN:
SF:src/middleware/auth.mjs
FN:12,_interopRequireDefault
FN:15,(anonymous_1)
FN:42,(anonymous_2)
FNF:3
FNH:3
FNDA:6,_interopRequireDefault
FNDA:3,(anonymous_1)
FNDA:1,(anonymous_2)
DA:3,3
DA:6,3
DA:8,3
DA:10,3
DA:12,6
DA:15,3
DA:17,3
DA:18,2
DA:20,2
DA:22,2
DA:24,2
DA:30,2
DA:32,2
DA:33,2
DA:35,2
DA:37,0
DA:42,3
DA:46,3
DA:47,3
LF:19
LH:18
BRDA:12,0,0,3
BRDA:12,0,1,3
BRDA:12,1,0,6
BRDA:12,1,1,6
BRDA:17,2,0,1
BRDA:17,2,1,2
BRDA:30,3,0,0
BRDA:30,3,1,2
BRF:8
BRH:7
end_of_record
TN:
SF:src/models/Cart.mjs
FN:10,_interopRequireDefault
FN:49,(anonymous_1)
FN:55,(anonymous_2)
FNF:3
FNH:3
FNDA:3,_interopRequireDefault
FNDA:2,(anonymous_1)
FNDA:1,(anonymous_2)
DA:3,3
DA:6,3
DA:8,3
DA:10,3
DA:13,3
DA:49,3
DA:51,2
DA:55,3
DA:57,1
DA:65,3
DA:67,3
DA:68,3
LF:12
LH:12
BRDA:10,0,0,0
BRDA:10,0,1,3
BRDA:10,1,0,3
BRDA:10,1,1,3
BRF:4
BRH:3
end_of_record
TN:
SF:src/models/Product.mjs
FN:10,_interopRequireDefault
FN:48,(anonymous_1)
FNF:2
FNH:2
FNDA:3,_interopRequireDefault
FNDA:1,(anonymous_1)
DA:3,3
DA:6,3
DA:8,3
DA:10,3
DA:13,3
DA:48,3
DA:52,3
DA:54,3
DA:55,3
LF:9
LH:9
BRDA:10,0,0,0
BRDA:10,0,1,3
BRDA:10,1,0,3
BRDA:10,1,1,3
BRF:4
BRH:3
end_of_record
TN:
SF:src/models/User.mjs
FN:16,_interopRequireDefault
FN:29,(anonymous_1)
FN:49,(anonymous_2)
FN:56,(anonymous_3)
FN:72,(anonymous_4)
FN:78,(anonymous_5)
FNF:6
FNH:6
FNDA:12,_interopRequireDefault
FNDA:2,(anonymous_1)
FNDA:2,(anonymous_2)
FNDA:1,(anonymous_3)
FNDA:2,(anonymous_4)
FNDA:2,(anonymous_5)
DA:3,3
DA:6,3
DA:8,3
DA:10,3
DA:12,3
DA:14,3
DA:16,12
DA:18,3
DA:30,2
DA:49,3
DA:50,2
DA:52,2
DA:53,2
DA:56,3
DA:57,1
DA:59,1
DA:64,1
DA:67,1
DA:68,1
DA:72,3
DA:74,2
DA:78,3
DA:80,2
DA:82,3
DA:84,3
DA:85,3
LF:26
LH:26
BRDA:16,0,0,0
BRDA:16,0,1,12
BRDA:16,1,0,12
BRDA:16,1,1,12
BRDA:30,2,0,0
BRDA:30,2,1,2
BRDA:52,3,0,1
BRDA:52,3,1,1
BRF:8
BRH:6
end_of_record
TN:
SF:src/routers/cart.router.mjs
FN:14,_interopRequireDefault
FN:20,(anonymous_1)
FN:22,(anonymous_2)
FNF:3
FNH:3
FNDA:6,_interopRequireDefault
FNDA:1,(anonymous_1)
FNDA:1,(anonymous_2)
DA:3,3
DA:6,3
DA:8,3
DA:10,3
DA:12,3
DA:14,6
DA:16,3
DA:20,3
DA:22,3
DA:23,3
DA:24,3
LF:11
LH:11
BRDA:14,0,0,3
BRDA:14,0,1,3
BRDA:14,1,0,6
BRDA:14,1,1,6
BRF:4
BRH:4
end_of_record
TN:
SF:src/routers/product.router.mjs
FN:12,_interopRequireDefault
FN:18,(anonymous_1)
FNF:2
FNH:2
FNDA:3,_interopRequireDefault
FNDA:1,(anonymous_1)
DA:3,3
DA:6,3
DA:8,3
DA:10,3
DA:12,3
DA:14,3
DA:18,3
DA:19,3
DA:20,3
LF:9
LH:9
BRDA:12,0,0,0
BRDA:12,0,1,3
BRDA:12,1,0,3
BRDA:12,1,1,3
BRF:4
BRH:3
end_of_record
TN:
SF:src/routers/user.router.mjs
FN:12,_interopRequireDefault
FN:18,(anonymous_1)
FN:20,(anonymous_2)
FNF:3
FNH:3
FNDA:3,_interopRequireDefault
FNDA:1,(anonymous_1)
FNDA:2,(anonymous_2)
DA:3,3
DA:6,3
DA:8,3
DA:10,3
DA:12,3
DA:14,3
DA:18,3
DA:20,3
DA:21,3
DA:22,3
LF:10
LH:10
BRDA:12,0,0,0
BRDA:12,0,1,3
BRDA:12,1,0,3
BRDA:12,1,1,3
BRF:4
BRH:3
end_of_record
